<?xml version="1.0" encoding="UTF-8"?>
<!-- Generated by org.testng.reporters.JUnitReportReporter -->
<testsuite hostname="DESKTOP-KTHKFE5" failures="0" tests="8" name="tests.cart_test" time="7.703" errors="0" timestamp="2021-01-04T04:17:42 IST" skipped="0">
  <testcase classname="tests.cart_test" name="t06_clickCheckOut" time="0.268"/>
  <system-out/>
  <testcase classname="tests.cart_test" name="getResponseTime" time="1.406"/>
  <system-out/>
  <testcase classname="tests.cart_test" name="t01_loginSucceed" time="3.751"/>
  <system-out/>
  <testcase classname="tests.cart_test" name="t05_numOfItems" time="1.038"/>
  <system-out/>
  <testcase classname="tests.cart_test" name="t03_remvoeItem" time="0.063"/>
  <system-out/>
  <testcase classname="tests.cart_test" name="t02_addListItems" time="0.585"/>
  <system-out/>
  <testcase classname="tests.cart_test" name="t04_continueShopping" time="0.177"/>
  <system-out/>
  <testcase classname="tests.cart_test" name="getStatusCode" time="0.415"/>
  <system-out/>
</testsuite> <!-- tests.cart_test -->
