<?xml version="1.0" encoding="UTF-8"?>
<!-- Generated by org.testng.reporters.JUnitReportReporter -->
<testsuite hostname="DESKTOP-KTHKFE5" failures="0" tests="7" name="tests.checkout_step_one_test" time="20.969" errors="0" timestamp="2021-01-04T04:29:49 IST" skipped="0">
  <testcase classname="tests.checkout_step_one_test" name="getResponseTime" time="1.785"/>
  <system-out/>
  <testcase classname="tests.checkout_step_one_test" name="t05_personalCorrectDetails" time="1.389"/>
  <system-out/>
  <testcase classname="tests.checkout_step_one_test" name="t02_addListItems" time="1.222"/>
  <system-out/>
  <testcase classname="tests.checkout_step_one_test" name="getStatusCode" time="0.522"/>
  <system-out/>
  <testcase classname="tests.checkout_step_one_test" name="t03_clickCheckOut" time="1.579"/>
  <system-out/>
  <testcase classname="tests.checkout_step_one_test" name="t01_loginSucceed" time="12.087"/>
  <system-out/>
  <testcase classname="tests.checkout_step_one_test" name="t04_personalWrongFirstName" time="2.385"/>
  <system-out/>
</testsuite> <!-- tests.checkout_step_one_test -->
