<?xml version="1.0" encoding="UTF-8"?>
<!-- Generated by org.testng.reporters.JUnitReportReporter -->
<testsuite hostname="DESKTOP-KTHKFE5" failures="0" tests="11" name="tests.checkout_step_two_test" time="22.979" errors="0" timestamp="2021-01-04T04:29:49 IST" skipped="0">
  <testcase classname="tests.checkout_step_two_test" name="getStatusCode" time="0.480"/>
  <system-out/>
  <testcase classname="tests.checkout_step_two_test" name="t03_clickCheckOut" time="0.478"/>
  <system-out/>
  <testcase classname="tests.checkout_step_two_test" name="getResponseTime" time="1.606"/>
  <system-out/>
  <testcase classname="tests.checkout_step_two_test" name="t02_addListItems" time="1.484"/>
  <system-out/>
  <testcase classname="tests.checkout_step_two_test" name="t08_printTotal" time="0.036"/>
  <system-out/>
  <testcase classname="tests.checkout_step_two_test" name="t07_printTax" time="0.035"/>
  <system-out/>
  <testcase classname="tests.checkout_step_two_test" name="t06_printItemTotal" time="0.034"/>
  <system-out/>
  <testcase classname="tests.checkout_step_two_test" name="t01_loginSucceed" time="17.162"/>
  <system-out/>
  <testcase classname="tests.checkout_step_two_test" name="t09_finish" time="0.830"/>
  <system-out/>
  <testcase classname="tests.checkout_step_two_test" name="t04_personalCorrectDetails" time="0.798"/>
  <system-out/>
  <testcase classname="tests.checkout_step_two_test" name="t05_printSauceCard" time="0.036"/>
  <system-out/>
</testsuite> <!-- tests.checkout_step_two_test -->
