<?xml version="1.0" encoding="UTF-8"?>
<!-- Generated by org.testng.reporters.JUnitReportReporter -->
<testsuite hostname="DESKTOP-KTHKFE5" failures="0" tests="8" name="tests.cart_test" time="23.514" errors="0" timestamp="2021-01-04T04:29:49 IST" skipped="0">
  <testcase classname="tests.cart_test" name="t02_addListItems" time="0.755"/>
  <system-out/>
  <testcase classname="tests.cart_test" name="t01_loginSucceed" time="18.553"/>
  <system-out/>
  <testcase classname="tests.cart_test" name="t06_clickCheckOut" time="0.404"/>
  <system-out/>
  <testcase classname="tests.cart_test" name="getResponseTime" time="2.044"/>
  <system-out/>
  <testcase classname="tests.cart_test" name="t03_remvoeItem" time="0.050"/>
  <system-out/>
  <testcase classname="tests.cart_test" name="getStatusCode" time="0.484"/>
  <system-out/>
  <testcase classname="tests.cart_test" name="t04_continueShopping" time="0.192"/>
  <system-out/>
  <testcase classname="tests.cart_test" name="t05_numOfItems" time="1.032"/>
  <system-out/>
</testsuite> <!-- tests.cart_test -->
