<?xml version="1.0" encoding="UTF-8"?>
<!-- Generated by org.testng.reporters.JUnitReportReporter -->
<testsuite hostname="DESKTOP-KTHKFE5" failures="0" tests="2" name="tests.base_test" time="2.562" errors="0" timestamp="2021-01-04T04:29:49 IST" skipped="0">
  <testcase classname="tests.base_test" name="getResponseTime" time="2.045"/>
  <system-out/>
  <testcase classname="tests.base_test" name="getStatusCode" time="0.517"/>
  <system-out/>
</testsuite> <!-- tests.base_test -->
