<?xml version="1.0" encoding="UTF-8"?>
<!-- Generated by org.testng.reporters.JUnitReportReporter -->
<testsuite hostname="DESKTOP-KTHKFE5" failures="0" tests="10" name="tests.checkout_complete_test" time="5.399" errors="0" timestamp="2021-01-04T04:17:42 IST" skipped="0">
  <testcase classname="tests.checkout_complete_test" name="t09_logOut" time="0.247"/>
  <system-out/>
  <testcase classname="tests.checkout_complete_test" name="getResponseTime" time="0.398"/>
  <system-out/>
  <testcase classname="tests.checkout_complete_test" name="t01_loginSucceed" time="2.633"/>
  <system-out/>
  <testcase classname="tests.checkout_complete_test" name="t04_personalCorrectDetails" time="0.556"/>
  <system-out/>
  <testcase classname="tests.checkout_complete_test" name="getStatusCode" time="0.422"/>
  <system-out/>
  <testcase classname="tests.checkout_complete_test" name="t05_finish" time="0.424"/>
  <system-out/>
  <testcase classname="tests.checkout_complete_test" name="t03_clickCheckOut" time="0.189"/>
  <system-out/>
  <testcase classname="tests.checkout_complete_test" name="t07_finishOrder" time="0.015"/>
  <system-out/>
  <testcase classname="tests.checkout_complete_test" name="t02_addListItems" time="0.477"/>
  <system-out/>
  <testcase classname="tests.checkout_complete_test" name="t06_printMessage" time="0.038"/>
  <system-out/>
</testsuite> <!-- tests.checkout_complete_test -->
