<?xml version="1.0" encoding="UTF-8"?>
<!-- Generated by org.testng.reporters.JUnitReportReporter -->
<testsuite hostname="DESKTOP-KTHKFE5" failures="0" tests="9" name="tests.inventory_test" time="7.272" errors="0" timestamp="2021-01-04T04:17:42 IST" skipped="0">
  <testcase classname="tests.inventory_test" name="t03_addListItems" time="0.314"/>
  <system-out/>
  <testcase classname="tests.inventory_test" name="t02_addOneItemAndBack" time="0.372"/>
  <system-out/>
  <testcase classname="tests.inventory_test" name="t04_lowToHigh" time="0.281"/>
  <system-out/>
  <testcase classname="tests.inventory_test" name="t07_logOut" time="0.358"/>
  <system-out/>
  <testcase classname="tests.inventory_test" name="t06_ZToA" time="0.069"/>
  <system-out/>
  <testcase classname="tests.inventory_test" name="getStatusCode" time="0.438"/>
  <system-out/>
  <testcase classname="tests.inventory_test" name="getResponseTime" time="0.430"/>
  <system-out/>
  <testcase classname="tests.inventory_test" name="t05_highToLowh" time="0.245"/>
  <system-out/>
  <testcase classname="tests.inventory_test" name="t01_loginSucceed" time="4.765"/>
  <system-out/>
</testsuite> <!-- tests.inventory_test -->
