<?xml version="1.0" encoding="UTF-8"?>
<!-- Generated by org.testng.reporters.JUnitReportReporter -->
<testsuite hostname="DESKTOP-KTHKFE5" failures="0" tests="7" name="tests.checkout_step_one_test" time="8.412" errors="0" timestamp="2021-01-04T04:17:42 IST" skipped="0">
  <testcase classname="tests.checkout_step_one_test" name="t02_addListItems" time="0.469"/>
  <system-out/>
  <testcase classname="tests.checkout_step_one_test" name="getStatusCode" time="0.416"/>
  <system-out/>
  <testcase classname="tests.checkout_step_one_test" name="t05_personalCorrectDetails" time="0.489"/>
  <system-out/>
  <testcase classname="tests.checkout_step_one_test" name="t03_clickCheckOut" time="0.164"/>
  <system-out/>
  <testcase classname="tests.checkout_step_one_test" name="t01_loginSucceed" time="4.047"/>
  <system-out/>
  <testcase classname="tests.checkout_step_one_test" name="t04_personalWrongFirstName" time="2.340"/>
  <system-out/>
  <testcase classname="tests.checkout_step_one_test" name="getResponseTime" time="0.487"/>
  <system-out/>
</testsuite> <!-- tests.checkout_step_one_test -->
