<?xml version="1.0" encoding="UTF-8"?>
<!-- Generated by org.testng.reporters.JUnitReportReporter -->
<testsuite hostname="DESKTOP-KTHKFE5" failures="0" tests="11" name="tests.checkout_step_two_test" time="5.363" errors="0" timestamp="2021-01-04T04:17:42 IST" skipped="0">
  <testcase classname="tests.checkout_step_two_test" name="t03_clickCheckOut" time="0.181"/>
  <system-out/>
  <testcase classname="tests.checkout_step_two_test" name="t04_personalCorrectDetails" time="0.434"/>
  <system-out/>
  <testcase classname="tests.checkout_step_two_test" name="getResponseTime" time="0.412"/>
  <system-out/>
  <testcase classname="tests.checkout_step_two_test" name="getStatusCode" time="0.459"/>
  <system-out/>
  <testcase classname="tests.checkout_step_two_test" name="t05_printSauceCard" time="0.033"/>
  <system-out/>
  <testcase classname="tests.checkout_step_two_test" name="t08_printTotal" time="0.031"/>
  <system-out/>
  <testcase classname="tests.checkout_step_two_test" name="t09_finish" time="0.264"/>
  <system-out/>
  <testcase classname="tests.checkout_step_two_test" name="t01_loginSucceed" time="3.024"/>
  <system-out/>
  <testcase classname="tests.checkout_step_two_test" name="t06_printItemTotal" time="0.031"/>
  <system-out/>
  <testcase classname="tests.checkout_step_two_test" name="t07_printTax" time="0.032"/>
  <system-out/>
  <testcase classname="tests.checkout_step_two_test" name="t02_addListItems" time="0.462"/>
  <system-out/>
</testsuite> <!-- tests.checkout_step_two_test -->
