<?xml version="1.0" encoding="UTF-8"?>
<!-- Generated by org.testng.reporters.JUnitReportReporter -->
<testsuite hostname="DESKTOP-KTHKFE5" failures="0" tests="9" name="tests.inventory_test" time="24.109" errors="0" timestamp="2021-01-04T04:29:49 IST" skipped="0">
  <testcase classname="tests.inventory_test" name="t04_lowToHigh" time="0.361"/>
  <system-out/>
  <testcase classname="tests.inventory_test" name="t01_loginSucceed" time="19.797"/>
  <system-out/>
  <testcase classname="tests.inventory_test" name="getResponseTime" time="1.755"/>
  <system-out/>
  <testcase classname="tests.inventory_test" name="t03_addListItems" time="0.345"/>
  <system-out/>
  <testcase classname="tests.inventory_test" name="t02_addOneItemAndBack" time="0.616"/>
  <system-out/>
  <testcase classname="tests.inventory_test" name="getStatusCode" time="0.519"/>
  <system-out/>
  <testcase classname="tests.inventory_test" name="t06_ZToA" time="0.072"/>
  <system-out/>
  <testcase classname="tests.inventory_test" name="t05_highToLowh" time="0.239"/>
  <system-out/>
  <testcase classname="tests.inventory_test" name="t07_logOut" time="0.405"/>
  <system-out/>
</testsuite> <!-- tests.inventory_test -->
