<?xml version="1.0" encoding="UTF-8"?>
<!-- Generated by org.testng.reporters.JUnitReportReporter -->
<testsuite hostname="DESKTOP-KTHKFE5" failures="0" tests="10" name="tests.checkout_complete_test" time="20.735" errors="0" timestamp="2021-01-04T04:29:49 IST" skipped="0">
  <testcase classname="tests.checkout_complete_test" name="t07_finishOrder" time="0.015"/>
  <system-out/>
  <testcase classname="tests.checkout_complete_test" name="t05_finish" time="4.209"/>
  <system-out/>
  <testcase classname="tests.checkout_complete_test" name="getResponseTime" time="1.444"/>
  <system-out/>
  <testcase classname="tests.checkout_complete_test" name="t02_addListItems" time="1.033"/>
  <system-out/>
  <testcase classname="tests.checkout_complete_test" name="t09_logOut" time="1.169"/>
  <system-out/>
  <testcase classname="tests.checkout_complete_test" name="t04_personalCorrectDetails" time="1.287"/>
  <system-out/>
  <testcase classname="tests.checkout_complete_test" name="t01_loginSucceed" time="10.361"/>
  <system-out/>
  <testcase classname="tests.checkout_complete_test" name="t03_clickCheckOut" time="0.678"/>
  <system-out/>
  <testcase classname="tests.checkout_complete_test" name="t06_printMessage" time="0.055"/>
  <system-out/>
  <testcase classname="tests.checkout_complete_test" name="getStatusCode" time="0.484"/>
  <system-out/>
</testsuite> <!-- tests.checkout_complete_test -->
